c:\users\lag_009\documents\github\tpv1_2324\space invaders 3\x64\debug\vc143.pdb
c:\users\lag_009\documents\github\tpv1_2324\space invaders 3\x64\debug\vc143.idb
c:\users\lag_009\documents\github\tpv1_2324\space invaders 3\x64\debug\sceneobject.obj
c:\users\lag_009\documents\github\tpv1_2324\space invaders 3\x64\debug\save.obj
c:\users\lag_009\documents\github\tpv1_2324\space invaders 3\x64\debug\reward.obj
c:\users\lag_009\documents\github\tpv1_2324\space invaders 3\x64\debug\playstate.obj
c:\users\lag_009\documents\github\tpv1_2324\space invaders 3\x64\debug\pausestate.obj
c:\users\lag_009\documents\github\tpv1_2324\space invaders 3\x64\debug\mothership.obj
c:\users\lag_009\documents\github\tpv1_2324\space invaders 3\x64\debug\mainmenustate.obj
c:\users\lag_009\documents\github\tpv1_2324\space invaders 3\x64\debug\laser.obj
c:\users\lag_009\documents\github\tpv1_2324\space invaders 3\x64\debug\infobar.obj
c:\users\lag_009\documents\github\tpv1_2324\space invaders 3\x64\debug\gamestatemachine.obj
c:\users\lag_009\documents\github\tpv1_2324\space invaders 3\x64\debug\gamestate.obj
c:\users\lag_009\documents\github\tpv1_2324\space invaders 3\x64\debug\gamelist.obj
c:\users\lag_009\documents\github\tpv1_2324\space invaders 3\x64\debug\eventhandler.obj
c:\users\lag_009\documents\github\tpv1_2324\space invaders 3\x64\debug\endstate.obj
c:\users\lag_009\documents\github\tpv1_2324\space invaders 3\x64\debug\carga.obj
c:\users\lag_009\documents\github\tpv1_2324\space invaders 3\x64\debug\cannon.obj
c:\users\lag_009\documents\github\tpv1_2324\space invaders 3\x64\debug\button.obj
c:\users\lag_009\documents\github\tpv1_2324\space invaders 3\x64\debug\bunker.obj
c:\users\lag_009\documents\github\tpv1_2324\space invaders 3\x64\debug\bomb.obj
c:\users\lag_009\documents\github\tpv1_2324\space invaders 3\x64\debug\alien.obj
c:\users\lag_009\documents\github\tpv1_2324\space invaders 3\x64\debug\font.obj
c:\users\lag_009\documents\github\tpv1_2324\space invaders 3\x64\debug\ufo.obj
c:\users\lag_009\documents\github\tpv1_2324\space invaders 3\x64\debug\texture.obj
c:\users\lag_009\documents\github\tpv1_2324\space invaders 3\x64\debug\source.obj
c:\users\lag_009\documents\github\tpv1_2324\space invaders 3\x64\debug\shooteralien.obj
c:\users\lag_009\documents\github\tpv1_2324\space invaders 3\x64\debug\sdlapplication.obj
c:\users\lag_009\documents\github\tpv1_2324\space invaders 3\x64\debug\space invaders 3debug.ilk
c:\users\lag_009\documents\github\tpv1_2324\space invaders 3\bin\space invaders 3debug.exe
c:\users\lag_009\documents\github\tpv1_2324\space invaders 3\bin\space invaders 3debug.pdb
c:\users\lag_009\documents\github\tpv1_2324\space invaders 3\x64\debug\space invaders 3.tlog\cl.command.1.tlog
c:\users\lag_009\documents\github\tpv1_2324\space invaders 3\x64\debug\space invaders 3.tlog\cl.items.tlog
c:\users\lag_009\documents\github\tpv1_2324\space invaders 3\x64\debug\space invaders 3.tlog\cl.read.1.tlog
c:\users\lag_009\documents\github\tpv1_2324\space invaders 3\x64\debug\space invaders 3.tlog\cl.write.1.tlog
c:\users\lag_009\documents\github\tpv1_2324\space invaders 3\x64\debug\space invaders 3.tlog\link.command.1.tlog
c:\users\lag_009\documents\github\tpv1_2324\space invaders 3\x64\debug\space invaders 3.tlog\link.read.1.tlog
c:\users\lag_009\documents\github\tpv1_2324\space invaders 3\x64\debug\space invaders 3.tlog\link.write.1.tlog
