  Alien.cpp
C:\Users\Usuario\Documents\Proyectos de Git Hub\TPV1_2324\Space invaders 3\bin\Mothership.h(52,57): warning C4244: '=': conversión de 'int' a 'float'; posible pérdida de datos
C:\Users\Usuario\Documents\Proyectos de Git Hub\TPV1_2324\Space invaders 3\bin\Button.h(25,24): warning C4244: '=': conversión de 'T' a 'int'; posible pérdida de datos
          with
          [
              T=float
          ]
C:\Users\Usuario\Documents\Proyectos de Git Hub\TPV1_2324\Space invaders 3\bin\Button.h(26,24): warning C4244: '=': conversión de 'T' a 'int'; posible pérdida de datos
          with
          [
              T=float
          ]
C:\Users\Usuario\Documents\Proyectos de Git Hub\TPV1_2324\Space invaders 3\bin\MainMenuState.h(15,45): warning C4244: 'argumento': conversión de '_Ty2' a 'T'; posible pérdida de datos
          with
          [
              _Ty2=unsigned int
          ]
          and
          [
              T=float
          ]
C:\Users\Usuario\Documents\Proyectos de Git Hub\TPV1_2324\Space invaders 3\bin\MainMenuState.h(19,45): warning C4244: 'argumento': conversión de '_Ty2' a 'T'; posible pérdida de datos
          with
          [
              _Ty2=unsigned int
          ]
          and
          [
              T=float
          ]
C:\Users\Usuario\Documents\Proyectos de Git Hub\TPV1_2324\Space invaders 3\bin\MainMenuState.h(23,44): warning C4244: 'argumento': conversión de '_Ty2' a 'T'; posible pérdida de datos
          with
          [
              _Ty2=unsigned int
          ]
          and
          [
              T=float
          ]
C:\Users\Usuario\Documents\Proyectos de Git Hub\TPV1_2324\Space invaders 3\bin\Alien.cpp(13,64): warning C4244: 'inicializando': conversión de 'uint' a 'float'; posible pérdida de datos
C:\Users\Usuario\Documents\Proyectos de Git Hub\TPV1_2324\Space invaders 3\bin\Alien.cpp(17,25): warning C4244: '=': conversión de 'T' a 'int'; posible pérdida de datos
          with
          [
              T=float
          ]
C:\Users\Usuario\Documents\Proyectos de Git Hub\TPV1_2324\Space invaders 3\bin\Alien.cpp(69,23): warning C4244: '=': conversión de 'T' a 'int'; posible pérdida de datos
          with
          [
              T=float
          ]
C:\Users\Usuario\Documents\Proyectos de Git Hub\TPV1_2324\Space invaders 3\bin\Alien.cpp(70,23): warning C4244: '=': conversión de 'T' a 'int'; posible pérdida de datos
          with
          [
              T=float
          ]
C:\Users\Usuario\Documents\Proyectos de Git Hub\TPV1_2324\Space invaders 3\bin\Alien.cpp(97,40): warning C4244: 'argumento': conversión de '_Ty2' a 'T'; posible pérdida de datos
          with
          [
              _Ty2=int
          ]
          and
          [
              T=float
          ]
  Ufo.cpp
C:\Users\Usuario\Documents\Proyectos de Git Hub\TPV1_2324\Space invaders 3\bin\Button.h(25,24): warning C4244: '=': conversión de 'T' a 'int'; posible pérdida de datos
          with
          [
              T=float
          ]
C:\Users\Usuario\Documents\Proyectos de Git Hub\TPV1_2324\Space invaders 3\bin\Button.h(26,24): warning C4244: '=': conversión de 'T' a 'int'; posible pérdida de datos
          with
          [
              T=float
          ]
C:\Users\Usuario\Documents\Proyectos de Git Hub\TPV1_2324\Space invaders 3\bin\MainMenuState.h(15,45): warning C4244: 'argumento': conversión de '_Ty2' a 'T'; posible pérdida de datos
          with
          [
              _Ty2=unsigned int
          ]
          and
          [
              T=float
          ]
C:\Users\Usuario\Documents\Proyectos de Git Hub\TPV1_2324\Space invaders 3\bin\MainMenuState.h(19,45): warning C4244: 'argumento': conversión de '_Ty2' a 'T'; posible pérdida de datos
          with
          [
              _Ty2=unsigned int
          ]
          and
          [
              T=float
          ]
C:\Users\Usuario\Documents\Proyectos de Git Hub\TPV1_2324\Space invaders 3\bin\MainMenuState.h(23,44): warning C4244: 'argumento': conversión de '_Ty2' a 'T'; posible pérdida de datos
          with
          [
              _Ty2=unsigned int
          ]
          and
          [
              T=float
          ]
C:\Users\Usuario\Documents\Proyectos de Git Hub\TPV1_2324\Space invaders 3\bin\Mothership.h(52,57): warning C4244: '=': conversión de 'int' a 'float'; posible pérdida de datos
C:\Users\Usuario\Documents\Proyectos de Git Hub\TPV1_2324\Space invaders 3\bin\Ufo.cpp(51,26): warning C4244: '=': conversión de 'T' a 'int'; posible pérdida de datos
          with
          [
              T=float
          ]
C:\Users\Usuario\Documents\Proyectos de Git Hub\TPV1_2324\Space invaders 3\bin\Ufo.cpp(52,23): warning C4244: '=': conversión de 'T' a 'int'; posible pérdida de datos
          with
          [
              T=float
          ]
C:\Users\Usuario\Documents\Proyectos de Git Hub\TPV1_2324\Space invaders 3\bin\Ufo.cpp(64,53): warning C4244: '=': conversión de 'int' a 'float'; posible pérdida de datos
  Font.cpp
  Generando código...
  Space invaders 3.vcxproj -> C:\Users\Usuario\Documents\Proyectos de Git Hub\TPV1_2324\Space invaders 3\bin\Space invaders 3Debug.exe
