  Alien.cpp
C:\Users\Usuario\Documents\Proyectos de Git Hub\TPV1_2324\Space invader 2\Space Invaders 2\Alien.cpp(21,24): warning C4244: '=': conversión de 'T' a 'int'; posible pérdida de datos
          with
          [
              T=float
          ]
C:\Users\Usuario\Documents\Proyectos de Git Hub\TPV1_2324\Space invader 2\Space Invaders 2\Alien.cpp(22,24): warning C4244: '=': conversión de 'T' a 'int'; posible pérdida de datos
          with
          [
              T=float
          ]
C:\Users\Usuario\Documents\Proyectos de Git Hub\TPV1_2324\Space invader 2\Space Invaders 2\Alien.cpp(87,40): warning C4244: 'argumento': conversión de '_Ty2' a 'T'; posible pérdida de datos
          with
          [
              _Ty2=int
          ]
          and
          [
              T=float
          ]
  Space Invaders 2.vcxproj -> C:\Users\Usuario\Documents\Proyectos de Git Hub\TPV1_2324\Space invader 2\bin\Space Invaders 2Debug.exe
