c:\users\usuario\documents\proyectos de git hub\tpv1_2324\space invader 2\space invaders 2\x64\debug\vc143.pdb
c:\users\usuario\documents\proyectos de git hub\tpv1_2324\space invader 2\space invaders 2\x64\debug\vc143.idb
c:\users\usuario\documents\proyectos de git hub\tpv1_2324\space invader 2\space invaders 2\x64\debug\ufo.obj
c:\users\usuario\documents\proyectos de git hub\tpv1_2324\space invader 2\space invaders 2\x64\debug\texture.obj
c:\users\usuario\documents\proyectos de git hub\tpv1_2324\space invader 2\space invaders 2\x64\debug\source.obj
c:\users\usuario\documents\proyectos de git hub\tpv1_2324\space invader 2\space invaders 2\x64\debug\shooteralien.obj
c:\users\usuario\documents\proyectos de git hub\tpv1_2324\space invader 2\space invaders 2\x64\debug\sdlerror.obj
c:\users\usuario\documents\proyectos de git hub\tpv1_2324\space invader 2\space invaders 2\x64\debug\mothership.obj
c:\users\usuario\documents\proyectos de git hub\tpv1_2324\space invader 2\space invaders 2\x64\debug\laser.obj
c:\users\usuario\documents\proyectos de git hub\tpv1_2324\space invader 2\space invaders 2\x64\debug\invaderserror.obj
c:\users\usuario\documents\proyectos de git hub\tpv1_2324\space invader 2\space invaders 2\x64\debug\infobar.obj
c:\users\usuario\documents\proyectos de git hub\tpv1_2324\space invader 2\space invaders 2\x64\debug\game.obj
c:\users\usuario\documents\proyectos de git hub\tpv1_2324\space invader 2\space invaders 2\x64\debug\filenotfounderror.obj
c:\users\usuario\documents\proyectos de git hub\tpv1_2324\space invader 2\space invaders 2\x64\debug\fileformaterror.obj
c:\users\usuario\documents\proyectos de git hub\tpv1_2324\space invader 2\space invaders 2\x64\debug\cannon.obj
c:\users\usuario\documents\proyectos de git hub\tpv1_2324\space invader 2\space invaders 2\x64\debug\bunker.obj
c:\users\usuario\documents\proyectos de git hub\tpv1_2324\space invader 2\space invaders 2\x64\debug\alien.obj
c:\users\usuario\documents\proyectos de git hub\tpv1_2324\space invader 2\bin\space invaders 2debug.exe
c:\users\usuario\documents\proyectos de git hub\tpv1_2324\space invader 2\space invaders 2\x64\debug\space invaders 2debug.ilk
c:\users\usuario\documents\proyectos de git hub\tpv1_2324\space invader 2\bin\space invaders 2debug.pdb
c:\users\usuario\documents\proyectos de git hub\tpv1_2324\space invader 2\space invaders 2\x64\debug\alien.obj.enc
c:\users\usuario\documents\proyectos de git hub\tpv1_2324\space invader 2\space invaders 2\x64\debug\bunker.obj.enc
c:\users\usuario\documents\proyectos de git hub\tpv1_2324\space invader 2\space invaders 2\x64\debug\cannon.obj.enc
c:\users\usuario\documents\proyectos de git hub\tpv1_2324\space invader 2\space invaders 2\x64\debug\game.new.obj.enc
c:\users\usuario\documents\proyectos de git hub\tpv1_2324\space invader 2\space invaders 2\x64\debug\infobar.obj.enc
c:\users\usuario\documents\proyectos de git hub\tpv1_2324\space invader 2\space invaders 2\x64\debug\laser.obj.enc
c:\users\usuario\documents\proyectos de git hub\tpv1_2324\space invader 2\space invaders 2\x64\debug\mothership.obj.enc
c:\users\usuario\documents\proyectos de git hub\tpv1_2324\space invader 2\space invaders 2\x64\debug\shooteralien.obj.enc
c:\users\usuario\documents\proyectos de git hub\tpv1_2324\space invader 2\space invaders 2\x64\debug\source.obj.enc
c:\users\usuario\documents\proyectos de git hub\tpv1_2324\space invader 2\space invaders 2\x64\debug\space invaders 2.tlog\cl.command.1.tlog
c:\users\usuario\documents\proyectos de git hub\tpv1_2324\space invader 2\space invaders 2\x64\debug\space invaders 2.tlog\cl.items.tlog
c:\users\usuario\documents\proyectos de git hub\tpv1_2324\space invader 2\space invaders 2\x64\debug\space invaders 2.tlog\cl.read.1.tlog
c:\users\usuario\documents\proyectos de git hub\tpv1_2324\space invader 2\space invaders 2\x64\debug\space invaders 2.tlog\cl.write.1.tlog
c:\users\usuario\documents\proyectos de git hub\tpv1_2324\space invader 2\space invaders 2\x64\debug\space invaders 2.tlog\link.command.1.tlog
c:\users\usuario\documents\proyectos de git hub\tpv1_2324\space invader 2\space invaders 2\x64\debug\space invaders 2.tlog\link.read.1.tlog
c:\users\usuario\documents\proyectos de git hub\tpv1_2324\space invader 2\space invaders 2\x64\debug\space invaders 2.tlog\link.write.1.tlog
